n
a
a
5
a
a
a
a
8
a
1
1
a
|
a
s
4
&
&
a
/
9
9
7
a
A
a
.
a
a
a
a
9
/
a
6
3
3
|
.
4
:
a
a
A
2
8
a
2
a
7
a
5
9
|
a
|
a
of
an
by
or
It
S.
or
at
12
in
of
We
on
is
7.
to
to
or
be
of
to
in
by
is
of
of
of
by
to
V.
to
we
us
CA
to
is
it
at
in
06
it
or
is
S.
of
or
I.
of
07
on
in
of
an
of
of
ii
is
at
in
in
an
do
at
an
on
in
We
08
We
8,
of
is
V.
©
to
of
as
in
of
do
or
in
D.
of
by
on
V.
of
on
to
of
in
by
is
D.
in
or
of
of
of
of
of
at
9.
in
or
is
an
an
to
in
D.
to
If
10
V.
of
in
of
of
of
in
of
to
be
is
in
as
an
is
or
an
to
of
or
to
of
vi
in
V.
at
09
in
We
to
in
is
it
of
as
At
in
we
of
on
--
on
on
an
on
is
of
11
of
is
as
of
of
or
It
of
on
on
of
of
in
is
in
If
of
of
in
on
in
in
in
in
It
in
of
in
75
to
an
on
No
to
or
in
of
of
of
is
on
of
or
of
to
to
to
as
in
is
or
in
in
we
to
of
and
and
ev.
SBN
the
the
the
any
The
for
are
the
and
the
of:
ve
are
and
try
are
any
for
nd
may
the
two
are
and
Yet
Kim
The
and
the
and
All
2nd
can
the
has
few
and
you
but
and
the
the
the
and
And
Li,
the
all
has
12,
the
and
new
and
you
the
the
any
the
For
and
and
for
Joe
nd
not
ow
and
has
may
...
the
and
set
all
the
Jia
Aho
The
for
The
and
new
new
the
cm.
II.
Aho
you
all
the
and
the
has
the
(LR
and
ed.
the
For
are
and
the
the
the
12,
was
the
the
two
the
and
and
Wei
the
its
our
and
you
Kc,
the
art
and
for
nd
use
the
for
get
all
and
and
the
the
are
[et
for
and
fax
Lam
the
can
the
not
are
ed.
the
the
and
and
and
the
own
the
one
has
you
The
and
and
you
two
and
may
use
and
for
use
use
and
the
and
and
and
all
and
are
for
the
her
use
the
Art
The
the
Web
web
and
the
and
was
Amy
now
LL)
some
each
Book
that
this
from
this
more
plus
form
javi
SUIF
most
that
John
plan
John
time
code
Marc
this
this
Joeq
with
part
Lim,
post
Yacc
Lex,
such
Inc.
code
many
with
even
your
will
have
that
will
your
oer
2007
book
viii
work
from
this
used
wide
from
till
been
Aho,
help
have
wide
this
Aho,
from
much
many
that
into
that
most
been
also
bugs
over
that
used
many
have
that
book
book
Ravi
code
than
Aho,
more
that
them
most
take
from
must
this
with
code
Dror
code
from
like
team
Todd
like
more
this
help
Tidd
code
use.
Mike
1986
rst
gave
300,
over
text
send
Data
also
page
each
Amer
your
Wide
site
from
home
sold
then
book
this
page
them
this
Matt
make
some
your
this
caps
that
Here
aman
2007
make
been
Mary
This
have
Greg
that
hope
look
half
data
have
half
rst
some
with
book
This
vaya
were
code
left
even
have
most
Peter
Sethi
takes
cover
Tools
Brian
there
those
Where
cover
range
their
build
their
caps.
major
Garg,
other
music
their
teams
small
which
media
thus,
eight
their
using
cover
eine,
David
code.
point
given
code.
reach
calls
holes
Carol
takes
major
(alk.
since
Hall,
tools
range
loops
tight
1986.
codes
blank
Here,
Tonic
found
about
ethi,
talks
once.
thing
basic
small
tools
which
Scott
Image
rysta
Karen
Liao,
Sarah
basic
Brown
al.].
book,
thank
would
ours,
stack
these
Zeng.
these
ibhav
Buss,
Groth
from:
tools
book.
draft
Tonic
Wells
their
them,
world
notes
book,
Wolf.
World
email
visit
later
North
Suite
which
here,
size.
until
inc.,
iwan,
given
least
Tools
learn
them,
work,
class
Anwar
these
Tobin
Corp.
ideas
using
there
Buyer
parts
every
Joyce
book.
aware
prior
cover
least
should
reader
called
system
means,
target
source
Author
covers
course
second
appear
global
senior
Steven
covers
course
design
stored
hrough
Martin
course
rights
ANTLR,
areas.
matrix
build,
senior
little
create
tools.
course
Gaurav
oered
Alfred
course
covers
Assets
Monica
taught
Alfred
Vetere
paper)
Tseng,
Second
covers
hapter
Editor
Avots,
Alfred
single
Ullman
Svore,
covers
Smith,
Editor
Robert
Gerald
lesson
covers
design
errors
people
Editor
covers
Smith,
Alfred
Eaddy,
Marcio
Bosch,
REFACE
errata
arlier
number
Mowry,
Editor
Alfred
Ullman
Robert
exams.
ports.
e-mail
tools.
backup
Unkel,
Jerey
errata
LATEX.
covers
book's
02116,
itself
copies
oered
score.
again,
Rights
Second
advice
Monica
choice
issues
submit
Hirsch
Ullman
please
allows
class"
enroll
level.
class,
assign
course
second
second
point.
States
double
course
United
claim,
point.
harder
Gerald
common
almost
Senior
course
second
possess
PREFACE
Pieper,
locally
Chapter
garbage
through
Chapter
through
system,
roughly
network
Ruwase,
applied
claimed
focused
theory,
Manager
models,
Edition
Pearson
gaming,
quantum
domains
sellers
readers
diverse
covered
design.
project
Manager
regular
courses
digital
account
pointer
courses
arrays.
Ullman.
numeric
outside
Jeffrey
chapter
Strange
solving
Perhaps
chapter
Michael
Wilson,
variety
shaley,
chapter
Tjiang,
ata-ow
Patrick
graphs,
Murphy,
Milmore
Jaydan,
Martin,
present
Michael
edition
evolved
blocks,
French,
Cheong,
project
Carbin,
Michael
blocks,
Aigner,
changed
18-year
chapter
course.
garbage
Olivier
Bethany
chapter
typical
Stephen
omenico
Preface
Helpful
chapter
Bentley
Strange
parsing
written
chapter
PREFACE
Michael
Edition
oering
Wilson,
Holcomb
Library
regular
lexical
request
Jeffrey
chapter
support
appears
Boston,
Street,
service
perfect
allowed
chapter
correct
Pearson
specic
request
written
class).
without
chapter
Michael
outline
initial
printed
on-line
edition
feature
On-Line
hardest
Jeffrey
Printed
useful.
written
several
Rinard,
courses
without
quarters
analysis
data-ow
Support/
machine.
Students
language
material
advanced
Chapters
language
compiler
commonly
although
problems
Chapters
material
software
software
problems
machines
Chapters
material
graduate
compiler
chapters
products
Stanford
Students
compiler
computer
language
changed.
Producer
students
versions
previous
material
graduate
parsers,
Harvard,
material
Melville
existing
sequence
security
analysis
data-ow
Designer
emphasis
Managing
Columbia
designer
compiler
emphasis
Chau-Wen
Computer
Olatunji
Benjamin
Shih-Wei
Ghuloum,
Jennifer
Dzintars
compiler
compiler
Michelle
run-time
Tardieu,
run-time
Edwards,
received
comments
chapters
Marianne
comments
top-down
methods,
Congress
material
composed
compiler
America.
compiler
permits,
develops
interior
Stanford
feedback
computer
sampled.
presents
ordinary
material
contains
tutorial
\omnibus
material
enrolled
students
graduate
America.
indicate
section.
contains
material
dierent
discrete
including
designing
emphasize
therefore
retrieval
Stanford,
Assistant
including
marketing
follow-on
ompilers.
discussed
reserved.
language.
Marketing
maintain,
graphics,
including
copyright
languages
006024333
recognize
implement
Compilers
highlight
chapters.
regularly
languages
Columbia,
Stanford.
Columbia,
grammars,
programs)
procedure
(Computer
Compilers
aliasing,
analysis,
software,
analysis.
detection
venerable
sequences
resources
associate
iterative
including
problems.
Oplinger,
Livshits,
Hennessy,
languages
Anderson,
addition,
Remaining
ratefully
Stamness,
language.
principal
extensive
bottom-up
Compilers
Cosentino
compilers
important
including
executive
available
machines,
analysis,
appendix.
Publisher
chapters.
developed
Compilers
concepts,
Arlington
important
Gradiance
Katherine
Contracts
miniature
solution.
Goldstein
incorrect
solutions
questions
Gradiance
chapters:
homeworks
mezzanine
homeworks
Gradiance
developed
obtaining
homeworks
stressing
Homeworks
gradiance
exercises
exercises
exercises
trademark
extensive
exercises
languages
Knowledge
semesters
technology
recording,
Java-based
developed,
collection
regardless
processor,
processors
University
generation
associated
algorithms
techniques
generators
Education,
operations
synthesis,
pplication
philosophy
Compilers,
technology
University
compilers.
technology
processors
scheduling
advantage.
extraction
Compilers,
algorithms
technology
introduces
generation
compiling:
colleagues
management
especially
Hazelwood,
Bianculli,
denitions
introduces
variants).
solutions,
homeworks,
materials.
Harutunian
University
introduces
instructor
Education,
background
questions,
permission
technology
publisher.
exercises,
permission
structures
otherwise,
Specialist
Techniques,
algorithms.
mechanical,
electronic,
encountered
one-quarter
trademarks.
reproduced,
emphasizing
publication
translation
programming
distinguish
Principles,
techniques,
principles,
translators
translators
programming
\front-end"
Techniques,
Productions
parallelism
parallelism
techniques,
principles,
frameworks.
Christopher
Christopher
frameworks,
Constantine
compilation
techniques.
expressions
Programming
generation.
object-code
collection.
programming
techniques,
principles,
escriptions
fundamental
nite-state
Principles,
Department,
principles.
Instructors
information
exclamation
exclamation
programming
implementing
optimization
transmitted,
introduction
designations
development.
introductory
contemporary
optimization
computation,
designations
expressions,
importantly,
larger-scale
optimization
instructions
Sapuntzakis,
Amarasinghe,
construction
intermediate
acquisitions
10—CW—10
Productions.
expressions,
information,
subscription
architecture
motivational
optimization
accompanying
designations
mathematics.
programming,
Prerequisites
photocopying,
05.4'53--dc22
A76.76.C65A37
manufacturers
semester-long
0-321-48681-1
exploitation.
optimization.
Sathyanathan,
architectures
optimization,
signicantly.
acknowledged.
environments,
intentionally
implementers.
617-848-7047,
undergraduate
Manufacturing
Addison-Wesley
architectures.
multiprocessor
syntaxdirected
interestingly,
Addison-Wesley
student-created
syntax-directed
interprocedural
syntax-directed
cknowledgements
text-processing
sophistication,"
senior/rst-year
multidimensional
compiler-related
\computer-science
ompiler-component
instruction-level
scanner-generator
computing@aw.com.
instructor-created
register-allocation
(recursive-descent,
www.aw.com/gradiance
programming-language
www.strangetonic.com)
ragonbook.stanford.edu
Cataloging-in-Publication
http://www.pearsoned.com/legal/permissions.htm.




a
A
a
.
4
7
a
a
a
|
a
8
8
a
|
3
a
2
a
a
.
a
a
a
a
A
&
a
a
3
|
1
5
&
6
|
a
9
/
7
a
/
a
a
9
9
1
a
:
4
5
9
a
a
a
2
D.
of
do
to
10
12
an
of
in
of
in
is
is
to
in
of
in
in
If
to
in
in
At
We
of
or
of
an
©
on
of
S.
to
on
We
on
by
is
on
7.
in
in
in
of
or
of
an
an
in
an
as
S.
or
we
No
of
by
to
is
of
ii
at
If
of
at
of
9.
of
or
to
V.
in
D.
of
of
an
of
at
on
by
we
or
I.
in
on
in
of
of
do
in
as
D.
to
in
it
is
in
is
an
of
on
in
It
V.
in
us
of
V.
of
is
to
in
is
We
of
75
in
08
in
of
of
on
is
to
to
is
vi
or
we
of
of
to
at
to
07
in
V.
or
as
as
be
--
is
06
an
8,
of
of
or
be
of
on
on
of
of
or
in
on
in
to
on
of
V.
it
of
by
on
09
to
an
or
an
of
We
in
of
of
in
of
in
of
to
in
it
is
or
in
is
to
to
to
or
by
or
of
is
It
in
is
in
CA
of
11
of
is
of
of
is
of
to
as
of
at
It
at
to
or
in
of
in
and
the
and
ev.
now
for
The
and
any
Yet
the
for
The
the
SBN
are
the
all
her
two
use
the
[et
and
are
ve
may
the
and
Joe
has
and
and
ed.
are
All
use
for
are
and
you
nd
the
and
few
and
the
the
not
and
the
and
the
try
Li,
are
the
the
12,
and
the
and
the
you
get
the
And
any
new
the
and
and
Kim
nd
the
2nd
ow
For
the
and
has
and
the
the
and
set
and
Jia
Aho
The
are
The
all
and
the
are
cm.
Aho
and
you
new
the
Kc,
...
and
and
the
Web
Jon
may
and
II.
and
and
(LR
ed.
all
any
new
12,
the
are
not
the
the
the
and
and
its
and
For
has
LL)
you
art
use
all
our
fax
The
you
the
for
the
for
the
and
the
Lam
the
the
has
and
and
Wei
the
two
may
the
the
you
the
own
and
but
two
of:
can
nd
use
and
for
was
one
and
The
web
for
all
has
the
and
can
the
and
and
the
the
and
for
Art
for
was
the
the
the
and
Amy
use
Lex,
Book
Joeq
from
this
more
plus
form
that
some
Ravi
SUIF
most
this
such
oer
John
code
Marc
code
code
part
this
with
post
with
plan
Yacc
viii
time
Inc.
many
your
even
2007
will
have
code
that
help
your
2007
book
work
from
this
used
wide
from
been
Aho,
have
wide
this
Aho,
from
much
that
into
that
most
also
bugs
over
that
used
many
have
that
been
code
than
Aho,
more
that
them
most
take
from
must
with
book
code
make
Todd
book
that
Dror
code
from
team
text
like
this
help
Tidd
300,
Mike
rst
1986
use.
gave
Lim,
this
send
Data
also
John
page
Amer
each
from
your
Wide
site
more
sold
then
home
page
this
many
them
this
this
Matt
make
some
some
your
like
this
caps
that
Here
hope
been
Mary
This
have
Greg
book
that
look
half
This
data
have
half
rst
were
Ravi
with
will
book
most
left
even
have
Sethi
Peter
takes
them,
cover
there
those
Where
range
their
build
Garg,
their
Tools
caps.
major
other
music
their
teams
small
which
media
thus,
eight
since
using
still
cover
Sarah
David
code.
point
given
code.
reach
calls
holes
Carol
takes
(alk.
Hall,
tools
range
loops
tight
1986.
codes
blank
Here,
Tonic
found
about
ethi,
talks
once.
thing
cover
small
tools
which
Scott
Image
Karen
Liao,
basic
Brown
al.].
book,
thank
would
ours,
stack
these
Zeng.
these
Buss,
Groth
from:
tools
their
Saman
book.
draft
Tonic
major
Wells
teach
world
notes
book,
them,
Wolf.
World
email
visit
later
North
Suite
which
size.
until
inc.,
least
given
Tools
learn
work,
class
Anwar
these
Tobin
Corp.
using
there
Buyer
parts
cover
Brian
every
book.
their
aware
basic
prior
cover
Avaya
ideas
Joyce
least
should
reader
called
system
means,
target
source
Author
covers
course
second
appear
global
senior
covers
course
Eaddy,
design
stored
Martin
course
rights
ANTLR,
areas.
matrix
Gaurav
build,
senior
little
create
tools.
course
oered
Rights
Alfred
course
Assets
Monica
taught
Alfred
Vetere
paper)
Tseng,
Second
covers
Steven
hapter
Editor
Avots,
Alfred
single
Ullman
Svore,
covers
Smith,
Krysta
Editor
Heine,
Diwan,
Gerald
lesson
covers
design
errors
people
Editor
covers
Smith,
Mowry,
Alfred
Vibhav
Unkel,
Marcio
Bosch,
errata
number
Editor
Alfred
Ullman
covers
exams.
ports.
Robert
e-mail
tools.
backup
Jerey
errata
LATEX.
covers
book's
02116,
itself
Gerald
copies
oered
Robert
score.
again,
there,
Second
advice
choice
issues
submit
Hirsch
Ullman
please
allows
class"
enroll
level.
class,
assign
course
second
second
point.
States
double
course
United
claim,
point.
harder
common
almost
Senior
Monica
course
second
possess
PREFACE
Pieper,
locally
Chapter
garbage
through
Chapter
through
system,
courses
roughly
network
Ruwase,
through
applied
claimed
focused
theory,
Manager
models,
Edition
Pearson
gaming,
quantum
domains
sellers
readers
diverse
covered
design.
Michael
project
Manager
regular
courses
digital
account
pointer
arrays.
Ullman.
numeric
outside
Jeffrey
chapter
Strange
solving
Perhaps
chapter
Michael
Wilson,
variety
Whaley,
chapter
Tjiang,
ata-ow
Patrick
graphs,
Murphy,
Milmore
Maydan,
Martin,
present
Michael
edition
evolved
blocks,
French,
Cheong,
project
Carbin,
Michael
blocks,
Aigner,
changed
18-year
chapter
course.
garbage
Olivier
Bethany
chapter
typical
Stephen
PREFACE
Preface
Helpful
Earlier
chapter
Bentley
Strange
parsing
written
Wilson,
chapter
PREFACE
Edition
oering
Holcomb
Library
regular
lexical
request
Jeffrey
chapter
support
appears
Boston,
Street,
service
perfect
allowed
chapter
correct
Pearson
specic
request
written
class).
without
chapter
Michael
outline
initial
printed
on-line
edition
feature
On-Line
hardest
Jeffrey
Printed
useful.
written
several
Rinard,
courses
without
quarters
analysis
data-ow
Support/
machine.
Students
language
material
advanced
Chapters
language
compiler
commonly
although
problems
Chapters
material
software
software
problems
machines
Chapters
material
graduate
compiler
chapters
products
Stanford
Students
compiler
computer
language
changed.
Producer
students
versions
previous
material
graduate
parsers,
Harvard,
material
Melville
existing
sequence
security
analysis
data-ow
Designer
emphasis
Managing
Columbia
designer
compiler
emphasis
Chau-Wen
Computer
Olatunji
Benjamin
Shih-Wei
Ghuloum,
Jennifer
Dzintars
compiler
compiler
Michelle
run-time
Tardieu,
run-time
Edwards,
Domenico
received
comments
chapters
Marianne
comments
top-down
methods,
Congress
material
composed
compiler
America.
compiler
permits,
develops
interior
Stanford
feedback
computer
sampled.
presents
ordinary
material
contains
tutorial
\omnibus
material
enrolled
students
graduate
America.
indicate
section.
contains
material
dierent
discrete
including
designing
emphasize
therefore
retrieval
Stanford,
Assistant
including
marketing
follow-on
discussed
reserved.
language.
Marketing
maintain,
graphics,
including
copyright
languages
006024333
recognize
implement
Compilers
highlight
chapters.
regularly
languages
Columbia,
Stanford.
Columbia,
grammars,
programs)
procedure
(Computer
Compilers
aliasing,
analysis,
software,
analysis.
detection
venerable
sequences
resources
associate
iterative
including
problems.
Oplinger,
Livshits,
Hennessy,
languages
Anderson,
addition,
Remaining
Stamness,
language.
principal
extensive
bottom-up
Compilers
Cosentino
compilers
important
including
executive
available
machines,
analysis,
appendix.
Publisher
chapters.
developed
Compilers
concepts,
Arlington
important
Gradiance
Katherine
Contracts
miniature
solution.
Goldstein
incorrect
solutions
questions
Gradiance
chapters:
homeworks
mezzanine
homeworks
Gradiance
developed
obtaining
homeworks
stressing
Homeworks
gradiance
exercises
exercises
exercises
trademark
extensive
exercises
languages
Knowledge
semesters
technology
recording,
Java-based
developed,
collection
regardless
processor,
processors
University
generation
compilers.
associated
algorithms
techniques
generators
Education,
operations
synthesis,
philosophy
Compilers,
technology
University
compilers.
technology
processors
scheduling
advantage.
extraction
Compilers,
algorithms
technology
introduces
generation
compiling:
colleagues
gratefully
management
especially
Hazelwood,
Bianculli,
denitions
introduces
variants).
solutions,
homeworks,
materials.
Harutunian
University
introduces
instructor
Education,
background
questions,
permission
technology
publisher.
exercises,
permission
structures
otherwise,
Specialist
Techniques,
algorithms.
mechanical,
electronic,
encountered
one-quarter
trademarks.
reproduced,
emphasizing
publication
translation
programming
distinguish
Principles,
application
techniques,
principles,
translators
translators
programming
\front-end"
Techniques,
Productions
parallelism
parallelism
techniques,
principles,
frameworks.
Christopher
Christopher
frameworks,
Constantine
compilation
techniques.
expressions
Programming
generation.
object-code
collection.
programming
techniques,
principles,
fundamental
nite-state
Principles,
Department,
principles.
Instructors
information
exclamation
exclamation
programming
implementing
optimization
transmitted,
introduction
designations
development.
introductory
contemporary
optimization
computation,
designations
expressions,
importantly,
larger-scale
optimization
instructions
Sapuntzakis,
Amarasinghe,
construction
intermediate
acquisitions
10—CW—10
Productions.
descriptions
expressions,
information,
subscription
architecture
motivational
optimization
accompanying
designations
mathematics.
programming,
Prerequisites
photocopying,
05.4'53--dc22
A76.76.C65A37
manufacturers
semester-long
0-321-48681-1
exploitation.
optimization.
Sathyanathan,
architectures
optimization,
signicantly.
acknowledged.
environments,
intentionally
implementers.
617-848-7047,
undergraduate
Manufacturing
Addison-Wesley
architectures.
multiprocessor
syntaxdirected
interestingly,
Addison-Wesley
student-created
syntax-directed
interprocedural
syntax-directed
text-processing
sophistication,"
senior/rst-year
multidimensional
Acknowledgements
compiler-related
\computer-science
instruction-level
scanner-generator
computing@aw.com.
compiler-component
instructor-created
register-allocation
(recursive-descent,
www.aw.com/gradiance
programming-language
www.strangetonic.com)
dragonbook.stanford.edu
Cataloging-in-Publication
http://www.pearsoned.com/legal/permissions.htm.
